2025-01-18 00:06:19,461 - info_logger - INFO - Создание таблиц базы данных ...
2025-01-18 00:08:04,947 - info_logger - INFO - Создание таблиц базы данных ...
2025-01-18 00:09:46,765 - info_logger - INFO - Создание таблиц базы данных ...
2025-01-18 00:10:20,096 - info_logger - INFO - Выключение...
2025-01-18 00:28:04,261 - info_logger - INFO - Создание таблиц базы данных ...
2025-01-18 00:28:37,479 - info_logger - INFO - Выключение...
2025-01-18 00:28:38,283 - info_logger - INFO - Создание таблиц базы данных ...
2025-01-18 00:28:42,499 - info_logger - INFO - Request applications: user_name: None, page: 1, size: 10
2025-01-18 00:29:32,854 - info_logger - INFO - Выключение...
2025-01-18 00:29:33,638 - info_logger - INFO - Создание таблиц базы данных ...
2025-01-18 00:31:01,201 - info_logger - INFO - Выключение...
2025-01-18 00:31:02,016 - info_logger - INFO - Создание таблиц базы данных ...
2025-01-18 00:31:17,807 - info_logger - INFO - Создание таблиц базы данных ...
2025-01-18 00:31:24,765 - info_logger - INFO - Created new application: 13
2025-01-18 00:34:09,108 - info_logger - INFO - Выключение...
2025-01-18 00:34:09,909 - info_logger - INFO - Создание таблиц базы данных ...
2025-01-18 00:34:11,536 - info_logger - INFO - Выключение...
2025-01-18 00:34:17,130 - info_logger - INFO - Создание таблиц базы данных ...
2025-01-18 00:34:31,325 - info_logger - INFO - Created new application: 14
2025-01-18 00:34:58,938 - info_logger - INFO - Created new application: 15
2025-01-18 00:37:10,942 - info_logger - INFO - Выключение...
2025-01-18 00:37:11,801 - info_logger - INFO - Создание таблиц базы данных ...
2025-01-18 00:37:31,614 - info_logger - INFO - Created new application: 16
2025-01-18 00:37:40,299 - info_logger - INFO - Выключение...
2025-01-18 00:37:45,077 - info_logger - INFO - Создание таблиц базы данных ...
2025-01-18 00:37:51,286 - info_logger - INFO - Created new application: 17
2025-01-18 00:38:55,403 - info_logger - INFO - Выключение...
2025-01-18 00:38:56,275 - info_logger - INFO - Создание таблиц базы данных ...
2025-01-18 00:39:18,496 - info_logger - INFO - Created new application: 18
2025-01-18 00:40:54,223 - info_logger - INFO - Created new application: 19
2025-01-18 13:30:16,867 - info_logger - INFO - Создание таблиц базы данных ...
2025-01-18 13:31:00,485 - info_logger - INFO - Created new application: 20
2025-01-18 13:31:56,401 - info_logger - INFO - Выключение...
2025-01-18 13:31:57,205 - info_logger - INFO - Создание таблиц базы данных ...
2025-01-18 13:32:21,591 - info_logger - INFO - Created new application: 21
2025-01-18 13:34:03,180 - info_logger - INFO - Выключение...
2025-01-18 13:34:03,978 - info_logger - INFO - Создание таблиц базы данных ...
2025-01-18 13:34:18,178 - info_logger - INFO - Created new application: 22
2025-01-18 13:34:20,947 - info_logger - INFO - Created new application: 23
2025-01-18 13:34:34,287 - info_logger - INFO - Выключение...
2025-01-18 13:34:35,107 - info_logger - INFO - Создание таблиц базы данных ...
2025-01-18 13:38:36,921 - info_logger - INFO - Выключение...
2025-01-18 13:38:37,839 - info_logger - INFO - Создание таблиц базы данных ...
2025-01-18 13:39:06,044 - info_logger - INFO - Выключение...
2025-01-18 13:39:06,843 - info_logger - INFO - Создание таблиц базы данных ...
2025-01-18 13:39:13,623 - info_logger - INFO - Created new application: 24
2025-01-18 13:41:04,297 - info_logger - INFO - Выключение...
2025-01-18 13:41:05,092 - info_logger - INFO - Создание таблиц базы данных ...
2025-01-18 13:41:05,316 - info_logger - INFO - Выключение...
2025-01-18 13:41:11,494 - info_logger - INFO - Создание таблиц базы данных ...
2025-01-18 13:41:25,622 - info_logger - INFO - Created new application: 25
2025-01-18 13:42:15,805 - info_logger - INFO - Выключение...
2025-01-18 13:43:11,887 - info_logger - INFO - Создание таблиц базы данных ...
2025-01-18 13:43:22,255 - info_logger - INFO - Created new application: 26
2025-01-18 13:43:22,256 - info_logger - INFO - Starting Kafka producer for application ID: 26
2025-01-18 13:43:22,378 - info_logger - INFO - Stopping Kafka producer for application ID: 26
2025-01-18 13:43:43,581 - info_logger - INFO - Created new application: 27
2025-01-18 13:43:43,581 - info_logger - INFO - Starting Kafka producer for application ID: 27
2025-01-18 13:43:43,702 - info_logger - INFO - Stopping Kafka producer for application ID: 27
2025-01-18 13:44:17,802 - info_logger - INFO - Выключение...
2025-01-18 13:46:42,267 - info_logger - INFO - Создание таблиц базы данных ...
2025-01-18 13:46:56,536 - info_logger - INFO - Created new application: 28
2025-01-18 13:46:56,537 - info_logger - INFO - Starting Kafka producer for application ID: 28
2025-01-18 13:46:56,721 - info_logger - INFO - Stopping Kafka producer for application ID: 28
2025-01-18 13:50:05,251 - info_logger - INFO - Выключение...
2025-01-18 13:50:11,392 - info_logger - INFO - Создание таблиц базы данных ...
2025-01-18 13:50:35,193 - info_logger - INFO - Created new application: 29
2025-01-18 13:50:35,193 - info_logger - INFO - Starting Kafka producer for application ID: 29
2025-01-18 13:50:35,340 - info_logger - INFO - Stopping Kafka producer for application ID: 29
2025-01-18 13:50:55,041 - info_logger - INFO - Выключение...
2025-01-18 13:52:23,052 - info_logger - INFO - Создание таблиц базы данных ...
2025-01-18 13:52:35,735 - info_logger - INFO - Created new application: 1
2025-01-18 13:52:35,736 - info_logger - INFO - Starting Kafka producer for application ID: 1
2025-01-18 13:52:35,856 - info_logger - INFO - Stopping Kafka producer for application ID: 1
2025-01-18 13:59:44,573 - info_logger - INFO - Выключение...
2025-01-18 13:59:46,934 - info_logger - INFO - Создание таблиц базы данных ...
2025-01-18 14:00:37,413 - info_logger - INFO - Created new application: 2
2025-01-18 14:00:37,413 - info_logger - INFO - Starting Kafka producer for application ID: 2
2025-01-18 14:00:37,691 - info_logger - INFO - Stopping Kafka producer for application ID: 2
2025-01-18 18:57:07,765 - info_logger - INFO - Выключение...
